\BOOKMARK [0][-]{chapter*.2}{\376\377\000W\000e\000l\000c\000o\000m\000e}{}% 1
\BOOKMARK [1][-]{section*.3}{\376\377\000L\000e\000a\000r\000n\000i\000n\000g\000\040\000O\000b\000j\000e\000c\000t\000i\000v\000e\000s}{chapter*.2}% 2
\BOOKMARK [1][-]{section*.4}{\376\377\000C\000o\000p\000y\000r\000i\000g\000h\000t}{chapter*.2}% 3
\BOOKMARK [1][-]{section*.5}{\376\377\000U\000B\000C\000O\000\040\000B\000i\000o\000l\000o\000g\000y\000\040\000o\000p\000e\000n\000\040\000m\000a\000t\000e\000r\000i\000a\000l\000s}{chapter*.2}% 4
\BOOKMARK [1][-]{section*.6}{\376\377\000C\000o\000n\000v\000e\000n\000t\000i\000o\000n\000s}{chapter*.2}% 5
\BOOKMARK [-1][-]{part*.7}{\376\377\000L\000a\000b\000\040\0001\000\040\000-\000\040\000B\000I\000O\000L\000\040\0001\0001\0006}{}% 6
\BOOKMARK [0][-]{chapter*.8}{\376\377\000I\000n\000t\000r\000o\000d\000u\000c\000t\000i\000o\000n}{part*.7}% 7
\BOOKMARK [-1][-]{part*.9}{\376\377\000L\000a\000b\000\040\0002\000A\000\040\000-\000\040\000B\000I\000O\000L\000\040\0001\0001\0006}{}% 8
\BOOKMARK [0][-]{chapter*.10}{\376\377\000T\000h\000e\000\040\000P\000r\000o\000c\000e\000s\000s\000\040\000o\000f\000\040\000S\000c\000i\000e\000n\000c\000e}{part*.9}% 9
\BOOKMARK [1][-]{section*.11}{\376\377\000O\000b\000j\000e\000c\000t\000i\000v\000e\000s}{chapter*.10}% 10
\BOOKMARK [1][-]{section*.12}{\376\377\000D\000i\000s\000c\000u\000s\000s\000i\000o\000n\000\040\000Q\000u\000e\000s\000t\000i\000o\000n\000s}{chapter*.10}% 11
\BOOKMARK [0][-]{chapter*.13}{\376\377\000M\000y\000s\000t\000e\000r\000y\000\040\000C\000y\000l\000i\000n\000d\000e\000r\000s}{part*.9}% 12
\BOOKMARK [1][-]{section*.14}{\376\377\000P\000h\000a\000s\000e\000\040\0001\000\040\040\023\000\040\000"\000O\000b\000s\000e\000r\000v\000e\000"\000\040\000y\000o\000u\000r\000\040\000c\000y\000l\000i\000n\000d\000e\000r}{chapter*.13}% 13
\BOOKMARK [1][-]{section*.15}{\376\377\000P\000h\000a\000s\000e\000\040\0002\000\040\000-\000\040\000S\000h\000a\000r\000e\000\040\000\046\000\040\000C\000o\000l\000l\000a\000b\000o\000r\000a\000t\000e}{chapter*.13}% 14
\BOOKMARK [1][-]{section*.16}{\376\377\000P\000h\000a\000s\000e\000\040\0003\000\040\040\023\000\040\000S\000u\000b\000m\000i\000t\000\040\000f\000o\000r\000\040\000m\000a\000r\000k\000s}{chapter*.13}% 15
\BOOKMARK [1][-]{section*.17}{\376\377\000D\000i\000s\000c\000u\000s\000s\000i\000o\000n\000\040\000Q\000u\000e\000s\000t\000i\000o\000n}{chapter*.13}% 16
\BOOKMARK [0][-]{chapter*.18}{\376\377\000S\000c\000i\000e\000n\000c\000e\000\040\000F\000l\000o\000w\000c\000h\000a\000r\000t}{part*.9}% 17
\BOOKMARK [1][-]{section*.19}{\376\377\000A\000\040\000S\000i\000m\000p\000l\000e\000\040\000F\000l\000o\000w\000c\000h\000a\000r\000t}{chapter*.18}% 18
\BOOKMARK [1][-]{section*.20}{\376\377\000A\000\040\000C\000o\000m\000p\000l\000e\000x\000\040\000F\000l\000o\000w\000c\000h\000a\000r\000t}{chapter*.18}% 19
\BOOKMARK [1][-]{section*.21}{\376\377\000C\000l\000a\000s\000s\000\040\000D\000i\000s\000c\000u\000s\000s\000i\000o\000n}{chapter*.18}% 20
\BOOKMARK [1][-]{section*.22}{\376\377\000M\000y\000s\000t\000e\000r\000y\000\040\000C\000y\000l\000i\000n\000d\000e\000r\000\040\000A\000s\000s\000i\000g\000n\000m\000e\000n\000t}{chapter*.18}% 21
\BOOKMARK [1][-]{section*.23}{\376\377\000M\000y\000s\000t\000e\000r\000y\000\040\000C\000y\000l\000i\000n\000d\000e\000r\000\040\000A\000s\000s\000i\000g\000n\000m\000e\000n\000t\000\040\000G\000r\000a\000d\000i\000n\000g\000\040\000R\000u\000b\000r\000i\000c}{chapter*.18}% 22
\BOOKMARK [-1][-]{part*.24}{\376\377\000L\000a\000b\000\040\0002\000B\000\040\000-\000\040\000B\000I\000O\000L\000\040\0001\0001\0006}{}% 23
\BOOKMARK [0][-]{chapter*.25}{\376\377\000R\000e\000s\000e\000a\000r\000c\000h\000\040\000P\000r\000o\000j\000e\000c\000t}{part*.24}% 24
\BOOKMARK [0][-]{chapter*.26}{\376\377\000S\000c\000i\000e\000n\000c\000e\000\040\000\046\000\040\000T\000h\000e\000\040\000S\000c\000i\000e\000n\000t\000i\000f\000i\000c\000\040\000M\000e\000t\000h\000o\000d}{part*.24}% 25
\BOOKMARK [1][-]{section*.27}{\376\377\000T\000h\000e\000\040\000S\000c\000i\000e\000n\000t\000i\000f\000i\000c\000\040\000M\000e\000t\000h\000o\000d}{chapter*.26}% 26
\BOOKMARK [1][-]{section*.28}{\376\377\000I\000n\000d\000u\000c\000t\000i\000v\000e\000\040\000L\000o\000g\000i\000c}{chapter*.26}% 27
\BOOKMARK [1][-]{section*.29}{\376\377\000D\000e\000d\000u\000c\000t\000i\000v\000e\000\040\000L\000o\000g\000i\000c}{chapter*.26}% 28
\BOOKMARK [1][-]{section*.30}{\376\377\000R\000e\000p\000r\000o\000d\000u\000c\000i\000b\000i\000l\000i\000t\000y}{chapter*.26}% 29
\BOOKMARK [0][-]{chapter*.31}{\376\377\000O\000p\000e\000n\000\040\000S\000c\000i\000e\000n\000c\000e}{part*.24}% 30
\BOOKMARK [0][-]{chapter*.32}{\376\377\000T\000h\000e\000\040\000R\000e\000s\000e\000a\000r\000c\000h\000\040\000W\000o\000r\000k\000f\000l\000o\000w}{part*.24}% 31
\BOOKMARK [0][-]{chapter*.33}{\376\377\000R\000e\000s\000e\000a\000r\000c\000h\000\040\000Q\000u\000e\000s\000t\000i\000o\000n}{part*.24}% 32
\BOOKMARK [0][-]{chapter*.34}{\376\377\000S\000t\000a\000t\000e\000m\000e\000n\000t\000\040\000o\000f\000\040\000H\000y\000p\000o\000t\000h\000e\000s\000i\000s}{part*.24}% 33
\BOOKMARK [0][-]{chapter*.35}{\376\377\000D\000e\000s\000i\000g\000n\000\040\000E\000x\000p\000e\000r\000i\000m\000e\000n\000t\000\040\000\046\000\040\000P\000l\000a\000n\000\040\000A\000n\000a\000l\000y\000s\000i\000s}{part*.24}% 34
\BOOKMARK [1][-]{section*.36}{\376\377\000D\000e\000s\000i\000g\000n\000i\000n\000g\000\040\000t\000h\000e\000\040\000E\000x\000p\000e\000r\000i\000m\000e\000n\000t}{chapter*.35}% 35
\BOOKMARK [1][-]{section*.41}{\376\377\000P\000l\000a\000n\000n\000i\000n\000g\000\040\000A\000h\000e\000a\000d}{chapter*.35}% 36
\BOOKMARK [1][-]{section*.45}{\376\377\000T\000y\000p\000e\000s\000\040\000o\000f\000\040\000D\000a\000t\000a}{chapter*.35}% 37
\BOOKMARK [1][-]{section*.46}{\376\377\000T\000y\000p\000e\000s\000\040\000o\000f\000\040\000E\000x\000p\000e\000r\000i\000m\000e\000n\000t\000s}{chapter*.35}% 38
\BOOKMARK [0][-]{chapter*.47}{\376\377\000P\000l\000a\000n\000n\000i\000n\000g\000\040\000t\000h\000e\000\040\000A\000n\000a\000l\000y\000s\000i\000s}{part*.24}% 39
\BOOKMARK [1][-]{section*.48}{\376\377\000D\000e\000s\000c\000r\000i\000p\000t\000i\000v\000e\000\040\000S\000t\000a\000t\000s}{chapter*.47}% 40
\BOOKMARK [1][-]{section*.51}{\376\377\000V\000i\000s\000u\000a\000l\000i\000z\000i\000n\000g\000\040\000D\000a\000t\000a}{chapter*.47}% 41
\BOOKMARK [1][-]{section*.53}{\376\377\000S\000t\000a\000t\000i\000s\000t\000i\000c\000a\000l\000\040\000T\000e\000s\000t\000s}{chapter*.47}% 42
\BOOKMARK [1][-]{section*.57}{\376\377\000T\000e\000s\000t\000\040\000S\000t\000a\000t\000i\000s\000t\000i\000c\000s}{chapter*.47}% 43
\BOOKMARK [1][-]{section*.58}{\376\377\000W\000h\000i\000c\000h\000\040\000S\000t\000a\000t\000i\000s\000t\000i\000c\000a\000l\000\040\000T\000e\000s\000t\000\040\000t\000o\000\040\000U\000s\000e}{chapter*.47}% 44
\BOOKMARK [0][-]{chapter*.63}{\376\377\000R\000e\000p\000o\000r\000t\000i\000n\000g\000\040\000\046\000\040\000C\000o\000n\000c\000l\000u\000s\000i\000o\000n\000s}{part*.24}% 45
\BOOKMARK [0][-]{chapter*.64}{\376\377\000M\000a\000x\000i\000m\000i\000z\000i\000n\000g\000\040\000R\000e\000p\000r\000o\000d\000u\000c\000i\000b\000i\000l\000i\000t\000y}{part*.24}% 46
\BOOKMARK [0][-]{chapter*.65}{\376\377\000W\000o\000r\000k\000f\000l\000o\000w\000\040\000\046\000\040\000I\000n\000f\000o\000r\000m\000a\000t\000i\000o\000n\000\040\000M\000a\000n\000a\000g\000e\000m\000e\000n\000t}{part*.24}% 47
\BOOKMARK [0][-]{chapter*.66}{\376\377\000C\000o\000n\000d\000u\000c\000t\000i\000n\000g\000\040\000t\000h\000e\000\040\000R\000e\000s\000e\000a\000r\000c\000h}{part*.24}% 48
\BOOKMARK [0][-]{chapter*.67}{\376\377\000C\000i\000t\000i\000n\000g}{part*.24}% 49
\BOOKMARK [1][-]{section*.69}{\376\377\000A\000c\000a\000d\000e\000m\000i\000c\000\040\000I\000n\000t\000e\000g\000r\000i\000t\000y\000\040\000\046\000\040\000C\000o\000p\000y\000r\000i\000g\000h\000t}{chapter*.67}% 50
\BOOKMARK [0][-]{chapter*.70}{\376\377\000C\000l\000o\000s\000i\000n\000g\000\040\000R\000e\000m\000a\000r\000k\000s\040\046}{part*.24}% 51
\BOOKMARK [0][-]{chapter*.71}{\376\377\000L\000a\000b\000\040\0002\000\040\000A\000s\000s\000i\000g\000n\000m\000e\000n\000t}{part*.24}% 52
\BOOKMARK [-1][-]{part*.72}{\376\377\000L\000a\000b\000\040\0003\000\040\000-\000\040\000B\000I\000O\000L\000\040\0001\0001\0006}{}% 53
\BOOKMARK [0][-]{chapter*.73}{\376\377\000O\000p\000e\000n\000\040\000S\000c\000i\000e\000n\000c\000e}{part*.72}% 54
\BOOKMARK [-1][-]{part*.74}{\376\377\000L\000a\000b\000\040\0004\000\040\000-\000\040\000B\000I\000O\000L\000\040\0001\0001\0006}{}% 55
\BOOKMARK [0][-]{chapter*.75}{\376\377\000E\000x\000p\000e\000r\000i\000m\000e\000n\000t\000a\000l\000\040\000R\000e\000s\000e\000a\000r\000c\000h\000\040\000P\000i\000l\000o\000t}{part*.74}% 56
\BOOKMARK [1][-]{section*.76}{\376\377\000Q\000u\000e\000s\000t\000i\000o\000n\000s}{chapter*.75}% 57
\BOOKMARK [1][-]{section*.77}{\376\377\000M\000a\000t\000e\000r\000i\000a\000l\000s\000\040\000\046\000\040\000S\000a\000f\000e\000t\000y}{chapter*.75}% 58
\BOOKMARK [1][-]{section*.78}{\376\377\000T\000i\000d\000y\000\040\000U\000p}{chapter*.75}% 59
\BOOKMARK [1][-]{section*.79}{\376\377\000H\000a\000v\000e\000\040\000F\000u\000n}{chapter*.75}% 60
\BOOKMARK [-1][-]{part*.80}{\376\377\0005\000\040\000-\000\040\000B\000I\000O\000L\000\040\0001\0001\0006}{}% 61
\BOOKMARK [0][-]{chapter*.81}{\376\377\000N\000a\000m\000i\000n\000g\000\040\000C\000o\000n\000v\000e\000n\000t\000i\000o\000n\000s}{part*.80}% 62
\BOOKMARK [-1][-]{part*.82}{\376\377\000L\000a\000b\000\040\0006\000\040\000-\000\040\000B\000I\000O\000L\000\040\0001\0001\0006}{}% 63
\BOOKMARK [0][-]{chapter*.83}{\376\377\000D\000a\000t\000a\000\040\000C\000o\000l\000l\000e\000c\000t\000i\000o\000n}{part*.82}% 64
\BOOKMARK [-1][-]{part*.84}{\376\377\000L\000a\000b\000\040\0007\000\040\000-\000\040\000B\000I\000O\000L\000\040\0001\0001\0006}{}% 65
\BOOKMARK [0][-]{chapter*.85}{\376\377\000I\000n\000t\000r\000o\000\040\000t\000o\000\040\000R\000\040\000\046\000\040\000S\000h\000i\000n\000y\000\040\000A\000p\000p\000s}{part*.84}% 66
\BOOKMARK [0][-]{chapter*.86}{\376\377\000D\000a\000t\000a\000\040\000T\000a\000b\000l\000e\000s\000\040\000\046\000\040\000F\000i\000g\000u\000r\000e\000s}{part*.84}% 67
\BOOKMARK [0][-]{chapter*.87}{\376\377\000I\000n\000t\000r\000o\000\040\000t\000o\000\040\000R}{part*.84}% 68
\BOOKMARK [0][-]{chapter*.88}{\376\377\000C\000o\000m\000p\000u\000t\000a\000t\000i\000o\000n\000a\000l\000\040\000r\000e\000p\000r\000o\000d\000u\000c\000i\000b\000i\000l\000i\000t\000y}{part*.84}% 69
\BOOKMARK [0][-]{chapter*.89}{\376\377\000S\000h\000i\000n\000y\000\040\000A\000p\000p\000s}{part*.84}% 70
\BOOKMARK [0][-]{chapter*.90}{\376\377\000S\000h\000i\000n\000y\000\040\000A\000p\000p\000\040\000O\000v\000e\000r\000v\000i\000e\000w}{part*.84}% 71
\BOOKMARK [1][-]{section*.91}{\376\377\000L\000e\000f\000t\000\040\000P\000a\000n\000e}{chapter*.90}% 72
\BOOKMARK [1][-]{section*.98}{\376\377\000R\000i\000g\000h\000t\000\040\000P\000a\000n\000e}{chapter*.90}% 73
\BOOKMARK [0][-]{chapter*.102}{\376\377\000S\000c\000r\000e\000e\000n\000c\000a\000s\000t\000\040\000D\000e\000m\000o}{part*.84}% 74
\BOOKMARK [0][-]{chapter*.103}{\376\377\000L\000a\000b\000\040\0007\000\040\000A\000c\000t\000i\000v\000i\000t\000y}{part*.84}% 75
\BOOKMARK [0][-]{chapter*.104}{\376\377\000L\000a\000b\000\040\0007\000\040\000A\000s\000s\000i\000g\000n\000m\000e\000n\000t}{part*.84}% 76
\BOOKMARK [0][-]{chapter*.105}{\376\377\000L\000a\000b\000\040\0007\000\040\000R\000u\000b\000r\000i\000c}{part*.84}% 77
\BOOKMARK [-1][-]{part*.106}{\376\377\000L\000a\000b\000\040\0008\000\040\000-\000\040\000B\000I\000O\000L\000\040\0001\0001\0006}{}% 78
\BOOKMARK [0][-]{chapter*.107}{\376\377\000D\000a\000t\000a\000\040\000C\000o\000l\000l\000e\000c\000t\000i\000o\000n\000\040\000C\000o\000n\000t\000i\000n\000u\000e\000d}{part*.106}% 79
\BOOKMARK [-1][-]{part*.108}{\376\377\000L\000a\000b\000\040\0009\000\040\000-\000\040\000B\000I\000O\000L\000\040\0001\0001\0006}{}% 80
\BOOKMARK [0][-]{chapter*.109}{\376\377\000D\000a\000t\000a\000\040\000A\000n\000a\000l\000y\000s\000i\000s\000\040\000\046\000\040\000S\000h\000i\000n\000y\000\040\000A\000p\000p\000s}{part*.108}% 81
\BOOKMARK [0][-]{chapter*.110}{\376\377\000P\000r\000e\000p\000a\000r\000i\000n\000g\000\040\000Y\000o\000u\000r\000\040\000D\000a\000t\000a}{part*.108}% 82
\BOOKMARK [1][-]{section*.111}{\376\377\000D\000a\000t\000a\000\040\000O\000r\000g\000a\000n\000i\000z\000a\000t\000i\000o\000n}{chapter*.110}% 83
\BOOKMARK [1][-]{section*.112}{\376\377\000F\000i\000l\000e\000\040\000F\000o\000r\000m\000a\000t\000s}{chapter*.110}% 84
\BOOKMARK [0][-]{chapter*.113}{\376\377\000L\000a\000b\000\040\0009\000\040\000A\000c\000t\000i\000v\000i\000t\000y}{part*.108}% 85
\BOOKMARK [0][-]{chapter*.114}{\376\377\000L\000a\000b\000\040\0009\000\040\000A\000s\000s\000i\000g\000n\000m\000e\000n\000t}{part*.108}% 86
\BOOKMARK [-1][-]{part*.115}{\376\377\000L\000a\000b\000\040\0001\0000\000\040\000-\000\040\000B\000I\000O\000L\000\040\0001\0001\0006}{}% 87
\BOOKMARK [0][-]{chapter*.116}{\376\377\000P\000o\000s\000t\000e\000r\000\040\000P\000r\000e\000s\000e\000n\000t\000a\000t\000i\000o\000n}{part*.115}% 88
\BOOKMARK [1][-]{section*.117}{\376\377\000W\000h\000a\000t\000\040\000i\000s\000\040\000a\000\040\000R\000e\000s\000e\000a\000r\000c\000h\000\040\000P\000o\000s\000t\000e\000r\000?}{chapter*.116}% 89
\BOOKMARK [1][-]{section*.118}{\376\377\000S\000o\000,\000\040\000w\000h\000a\000t\000\040\000m\000a\000k\000e\000s\000\040\000a\000\040\000g\000o\000o\000d\000\040\000p\000o\000s\000t\000e\000r\000?}{chapter*.116}% 90
\BOOKMARK [1][-]{section*.119}{\376\377\000G\000e\000t\000t\000i\000n\000g\000\040\000s\000t\000a\000r\000t\000e\000d\040\046\000\040\000t\000h\000e\000\040\000h\000a\000r\000d\000e\000s\000t\000\040\000p\000a\000r\000t\000!}{chapter*.116}% 91
\BOOKMARK [0][-]{chapter*.120}{\376\377\000S\000a\000m\000p\000l\000e\000s\000\040\000\046\000\040\000E\000x\000a\000m\000p\000l\000e\000s}{part*.115}% 92
\BOOKMARK [1][-]{section*.121}{\376\377\000A\000\040\000W\000e\000l\000l\000\040\000D\000e\000s\000i\000g\000n\000e\000d\000\040\000P\000o\000s\000t\000e\000r}{chapter*.120}% 93
\BOOKMARK [1][-]{section*.122}{\376\377\000A\000\040\000P\000o\000s\000t\000e\000r\000\040\000w\000i\000t\000h\000\040\000R\000o\000o\000m\000\040\000f\000o\000r\000\040\000I\000m\000p\000r\000o\000v\000e\000m\000e\000n\000t}{chapter*.120}% 94
\BOOKMARK [0][-]{chapter*.123}{\376\377\000P\000o\000s\000t\000e\000r\000\040\000P\000r\000i\000n\000t\000i\000n\000g}{part*.115}% 95
\BOOKMARK [0][-]{chapter*.124}{\376\377\000P\000r\000e\000s\000e\000n\000t\000i\000n\000g\000\040\000Y\000o\000u\000r\000\040\000P\000o\000s\000t\000e\000r}{part*.115}% 96
\BOOKMARK [0][-]{chapter*.125}{\376\377\000L\000a\000b\000\040\0001\0000\000\040\000R\000u\000b\000r\000i\000c}{part*.115}% 97
